Using pre-set license

 COMMAND LINE ARGUMENTS:
/Applications/Unity/Hub/Editor/2020.3.4f1/Unity.app/Contents/MacOS/Unity
-adb2
-batchMode
-noUpm
-name
AssetImportWorker0
-projectPath
/Users/pauline/IKS_Projekt/fiks_demonstrator_unity
-logFile
Logs/AssetImportWorker0.log
-srvPort
50754
Successfully changed project path to: /Users/pauline/IKS_Projekt/fiks_demonstrator_unity
/Users/pauline/IKS_Projekt/fiks_demonstrator_unity
Using Asset Import Pipeline V2.
Refreshing native plugins compatible for Editor in 69.38 ms, found 1 plugins.
Preloading 0 native plugins for Editor in 0.00 ms.
Initialize engine version: 2020.3.4f1 (0abb6314276a)
[Subsystems] Discovering subsystems at path /Applications/Unity/Hub/Editor/2020.3.4f1/Unity.app/Contents/Resources/UnitySubsystems
[Subsystems] Discovering subsystems at path /Users/pauline/IKS_Projekt/fiks_demonstrator_unity/Assets
GfxDevice: creating device client; threaded=0
2022-08-24 20:54:10.581 Unity[2501:80645] Color LCD preferred device: Intel(R) Iris(TM) Plus Graphics 645 (low power)
2022-08-24 20:54:10.581 Unity[2501:80645] Metal devices available: 1
2022-08-24 20:54:10.581 Unity[2501:80645] 0: Intel(R) Iris(TM) Plus Graphics 645 (low power)
2022-08-24 20:54:10.582 Unity[2501:80645] Using device Intel(R) Iris(TM) Plus Graphics 645 (low power)
Initializing Metal device caps: Intel(R) Iris(TM) Plus Graphics 645
Shader 'Universal Render Pipeline/Particles/Lit': fallback shader 'Universal Render Pipeline/Particles/SimpleLit' not found
Initialize mono
Mono path[0] = '/Applications/Unity/Hub/Editor/2020.3.4f1/Unity.app/Contents/Managed'
Mono path[1] = '/Applications/Unity/Hub/Editor/2020.3.4f1/Unity.app/Contents/MonoBleedingEdge/lib/mono/unityjit'
Mono config path = '/Applications/Unity/Hub/Editor/2020.3.4f1/Unity.app/Contents/MonoBleedingEdge/etc'
Using monoOptions --debugger-agent=transport=dt_socket,embedding=1,server=y,suspend=n,address=127.0.0.1:56501
Begin MonoManager ReloadAssembly
Registering precompiled unity dll's ...
Register platform support module: /Applications/Unity/Hub/Editor/2020.3.4f1/Unity.app/Contents/PlaybackEngines/MacStandaloneSupport/UnityEditor.OSXStandalone.Extensions.dll
Registered in 0.003298 seconds.
Native extension for OSXStandalone target not found
Refreshing native plugins compatible for Editor in 62.27 ms, found 1 plugins.
Preloading 0 native plugins for Editor in 0.00 ms.
Mono: successfully reloaded assembly
- Completed reload, in  2.268 seconds
Platform modules already initialized, skipping
Registering precompiled user dll's ...
Registered in 0.008566 seconds.
Begin MonoManager ReloadAssembly
Native extension for OSXStandalone target not found
Refreshing native plugins compatible for Editor in 61.39 ms, found 1 plugins.
Preloading 0 native plugins for Editor in 0.00 ms.
Mono: successfully reloaded assembly
- Completed reload, in  1.188 seconds
Platform modules already initialized, skipping
========================================================================
Worker process is ready to serve import requests
Shader 'Universal Render Pipeline/Particles/Lit': fallback shader 'Universal Render Pipeline/Particles/SimpleLit' not found
Launching external process: /Applications/Unity/Hub/Editor/2020.3.4f1/Unity.app/Contents/Tools/UnityShaderCompiler
Launched and connected shader compiler UnityShaderCompiler after 0.02 seconds
Refreshing native plugins compatible for Editor in 0.66 ms, found 1 plugins.
Preloading 0 native plugins for Editor in 0.00 ms.
Unloading 2766 Unused Serialized files (Serialized files now loaded: 0)
System memory in use before: 213.5 MB.
System memory in use after: 213.8 MB.

Unloading 16 unused Assets to reduce memory usage. Loaded Objects now: 3219.
Total: 5.498475 ms (FindLiveObjects: 0.723799 ms CreateObjectMapping: 0.345215 ms MarkObjects: 4.374141 ms  DeleteObjects: 0.051472 ms)

========================================================================
Received Import Request.
  path: Assets/Scripts/_Documentation
  artifactKey: Guid(b891835eb1a6c4df78b0686c6b37e4a5) Importer(815301076,1909f56bfc062723c751e8b465ee728b)
Start importing Assets/Scripts/_Documentation using Guid(b891835eb1a6c4df78b0686c6b37e4a5) Importer(815301076,1909f56bfc062723c751e8b465ee728b)  -> (artifact id: '929bbf5b0dc9b6eed126776b90e04bb9') in 0.014308 seconds
  Import took 0.024054 seconds .

========================================================================
Received Import Request.
  Time since last request: 28.109657 seconds.
  path: Assets/Scripts/EnvironmentManager/EnvironmentStateManager.cs
  artifactKey: Guid(98aab2ce56fa14d06a01cea89f51a77c) Importer(815301076,1909f56bfc062723c751e8b465ee728b)
Start importing Assets/Scripts/EnvironmentManager/EnvironmentStateManager.cs using Guid(98aab2ce56fa14d06a01cea89f51a77c) Importer(815301076,1909f56bfc062723c751e8b465ee728b)  -> (artifact id: '0e120234a903e3d41bbca808bdbad3cd') in 0.477263 seconds
  Import took 0.484313 seconds .

========================================================================
Received Prepare
Registering precompiled user dll's ...
Registered in 0.005207 seconds.
Begin MonoManager ReloadAssembly
Native extension for OSXStandalone target not found
Refreshing native plugins compatible for Editor in 0.76 ms, found 1 plugins.
Preloading 0 native plugins for Editor in 0.00 ms.
Mono: successfully reloaded assembly
- Completed reload, in  1.197 seconds
Platform modules already initialized, skipping
Shader 'Universal Render Pipeline/Particles/Lit': fallback shader 'Universal Render Pipeline/Particles/SimpleLit' not found
Refreshing native plugins compatible for Editor in 0.75 ms, found 1 plugins.
Preloading 0 native plugins for Editor in 0.00 ms.
Unloading 2638 Unused Serialized files (Serialized files now loaded: 0)
System memory in use before: 209.5 MB.
System memory in use after: 209.7 MB.

Unloading 12 unused Assets to reduce memory usage. Loaded Objects now: 3222.
Total: 12.593261 ms (FindLiveObjects: 1.463813 ms CreateObjectMapping: 0.337552 ms MarkObjects: 10.731710 ms  DeleteObjects: 0.056359 ms)

========================================================================
Received Import Request.
  Time since last request: 8597.691555 seconds.
  path: Assets/Scripts/EnvironmentManager/EnvironmentStateManager.cs
  artifactKey: Guid(98aab2ce56fa14d06a01cea89f51a77c) Importer(815301076,1909f56bfc062723c751e8b465ee728b)
Start importing Assets/Scripts/EnvironmentManager/EnvironmentStateManager.cs using Guid(98aab2ce56fa14d06a01cea89f51a77c) Importer(815301076,1909f56bfc062723c751e8b465ee728b)  -> (artifact id: '2dac830c7c3ab856257e5aa82d1bb8ec') in 0.033430 seconds
  Import took 0.042984 seconds .

========================================================================
Received Prepare
Registering precompiled user dll's ...
Registered in 0.004702 seconds.
Begin MonoManager ReloadAssembly
Native extension for OSXStandalone target not found
Refreshing native plugins compatible for Editor in 0.86 ms, found 1 plugins.
Preloading 0 native plugins for Editor in 0.00 ms.
Mono: successfully reloaded assembly
- Completed reload, in  1.394 seconds
Platform modules already initialized, skipping
Shader 'Universal Render Pipeline/Particles/Lit': fallback shader 'Universal Render Pipeline/Particles/SimpleLit' not found
Refreshing native plugins compatible for Editor in 0.88 ms, found 1 plugins.
Preloading 0 native plugins for Editor in 0.00 ms.
Unloading 2638 Unused Serialized files (Serialized files now loaded: 0)
System memory in use before: 210.6 MB.
System memory in use after: 210.8 MB.

Unloading 12 unused Assets to reduce memory usage. Loaded Objects now: 3225.
Total: 3.379876 ms (FindLiveObjects: 0.601931 ms CreateObjectMapping: 0.197842 ms MarkObjects: 2.555962 ms  DeleteObjects: 0.021806 ms)

========================================================================
Received Import Request.
  Time since last request: 756.275719 seconds.
  path: Assets/Scenes/MainScene.unity
  artifactKey: Guid(9fc0d4010bbf28b4594072e72b8655ab) Importer(815301076,1909f56bfc062723c751e8b465ee728b)
Start importing Assets/Scenes/MainScene.unity using Guid(9fc0d4010bbf28b4594072e72b8655ab) Importer(815301076,1909f56bfc062723c751e8b465ee728b)  -> (artifact id: '5e3dcc9a3afe26d931f255c14cabe8ba') in 0.027046 seconds
  Import took 0.039441 seconds .

========================================================================
Received Prepare
Registering precompiled user dll's ...
Registered in 0.004369 seconds.
Begin MonoManager ReloadAssembly
Native extension for OSXStandalone target not found
Refreshing native plugins compatible for Editor in 0.75 ms, found 1 plugins.
Preloading 0 native plugins for Editor in 0.00 ms.
Mono: successfully reloaded assembly
- Completed reload, in  1.218 seconds
Platform modules already initialized, skipping
Shader 'Universal Render Pipeline/Particles/Lit': fallback shader 'Universal Render Pipeline/Particles/SimpleLit' not found
Refreshing native plugins compatible for Editor in 0.89 ms, found 1 plugins.
Preloading 0 native plugins for Editor in 0.00 ms.
Unloading 2638 Unused Serialized files (Serialized files now loaded: 0)
System memory in use before: 211.6 MB.
System memory in use after: 211.8 MB.

Unloading 12 unused Assets to reduce memory usage. Loaded Objects now: 3228.
Total: 4.467641 ms (FindLiveObjects: 0.703105 ms CreateObjectMapping: 0.207604 ms MarkObjects: 3.510480 ms  DeleteObjects: 0.044336 ms)

========================================================================
Received Prepare
Registering precompiled user dll's ...
Registered in 0.003737 seconds.
Begin MonoManager ReloadAssembly
Native extension for OSXStandalone target not found
Refreshing native plugins compatible for Editor in 0.77 ms, found 1 plugins.
Preloading 0 native plugins for Editor in 0.00 ms.
Mono: successfully reloaded assembly
- Completed reload, in  1.151 seconds
Platform modules already initialized, skipping
Shader 'Universal Render Pipeline/Particles/Lit': fallback shader 'Universal Render Pipeline/Particles/SimpleLit' not found
Refreshing native plugins compatible for Editor in 0.71 ms, found 1 plugins.
Preloading 0 native plugins for Editor in 0.00 ms.
Unloading 2638 Unused Serialized files (Serialized files now loaded: 0)
System memory in use before: 212.6 MB.
System memory in use after: 212.9 MB.

Unloading 12 unused Assets to reduce memory usage. Loaded Objects now: 3231.
Total: 2.714906 ms (FindLiveObjects: 0.422336 ms CreateObjectMapping: 0.150381 ms MarkObjects: 2.121734 ms  DeleteObjects: 0.018882 ms)

